  AVLTree.cpp
f:\dev\programming_practice\datastructure_and_algorithm_practice\18_avltree_example\avltree.h(10): error C2011: 'TreeNode': 'struct' type redefinition
  f:\dev\programming_practice\datastructure_and_algorithm_practice\17_binarysearchtree_example\binarysearchtree.h(6): note: see declaration of 'TreeNode'
f:\dev\programming_practice\datastructure_and_algorithm_practice\18_avltree_example\avltree.cpp(19): error C2027: use of undefined type 'TreeNode'
  f:\dev\programming_practice\datastructure_and_algorithm_practice\17_binarysearchtree_example\binarysearchtree.h(6): note: see declaration of 'TreeNode'
f:\dev\programming_practice\datastructure_and_algorithm_practice\18_avltree_example\avltree.cpp(28): error C2027: use of undefined type 'TreeNode'
  f:\dev\programming_practice\datastructure_and_algorithm_practice\17_binarysearchtree_example\binarysearchtree.h(6): note: see declaration of 'TreeNode'
f:\dev\programming_practice\datastructure_and_algorithm_practice\18_avltree_example\avltree.cpp(31): error C2027: use of undefined type 'TreeNode'
  f:\dev\programming_practice\datastructure_and_algorithm_practice\17_binarysearchtree_example\binarysearchtree.h(6): note: see declaration of 'TreeNode'
f:\dev\programming_practice\datastructure_and_algorithm_practice\18_avltree_example\avltree.cpp(34): error C2027: use of undefined type 'TreeNode'
  f:\dev\programming_practice\datastructure_and_algorithm_practice\17_binarysearchtree_example\binarysearchtree.h(6): note: see declaration of 'TreeNode'
f:\dev\programming_practice\datastructure_and_algorithm_practice\18_avltree_example\avltree.cpp(36): error C2027: use of undefined type 'TreeNode'
  f:\dev\programming_practice\datastructure_and_algorithm_practice\17_binarysearchtree_example\binarysearchtree.h(6): note: see declaration of 'TreeNode'
f:\dev\programming_practice\datastructure_and_algorithm_practice\18_avltree_example\avltree.cpp(41): error C2027: use of undefined type 'TreeNode'
  f:\dev\programming_practice\datastructure_and_algorithm_practice\17_binarysearchtree_example\binarysearchtree.h(6): note: see declaration of 'TreeNode'
f:\dev\programming_practice\datastructure_and_algorithm_practice\18_avltree_example\avltree.cpp(46): error C2027: use of undefined type 'TreeNode'
  f:\dev\programming_practice\datastructure_and_algorithm_practice\17_binarysearchtree_example\binarysearchtree.h(6): note: see declaration of 'TreeNode'
f:\dev\programming_practice\datastructure_and_algorithm_practice\18_avltree_example\avltree.cpp(48): error C2027: use of undefined type 'TreeNode'
  f:\dev\programming_practice\datastructure_and_algorithm_practice\17_binarysearchtree_example\binarysearchtree.h(6): note: see declaration of 'TreeNode'
f:\dev\programming_practice\datastructure_and_algorithm_practice\18_avltree_example\avltree.cpp(51): error C2027: use of undefined type 'TreeNode'
  f:\dev\programming_practice\datastructure_and_algorithm_practice\17_binarysearchtree_example\binarysearchtree.h(6): note: see declaration of 'TreeNode'
f:\dev\programming_practice\datastructure_and_algorithm_practice\18_avltree_example\avltree.cpp(61): error C2027: use of undefined type 'TreeNode'
  f:\dev\programming_practice\datastructure_and_algorithm_practice\17_binarysearchtree_example\binarysearchtree.h(6): note: see declaration of 'TreeNode'
f:\dev\programming_practice\datastructure_and_algorithm_practice\18_avltree_example\avltree.cpp(62): error C2027: use of undefined type 'TreeNode'
  f:\dev\programming_practice\datastructure_and_algorithm_practice\17_binarysearchtree_example\binarysearchtree.h(6): note: see declaration of 'TreeNode'
f:\dev\programming_practice\datastructure_and_algorithm_practice\18_avltree_example\avltree.cpp(82): error C2027: use of undefined type 'TreeNode'
  f:\dev\programming_practice\datastructure_and_algorithm_practice\17_binarysearchtree_example\binarysearchtree.h(6): note: see declaration of 'TreeNode'
f:\dev\programming_practice\datastructure_and_algorithm_practice\18_avltree_example\avltree.cpp(88): error C2027: use of undefined type 'TreeNode'
  f:\dev\programming_practice\datastructure_and_algorithm_practice\17_binarysearchtree_example\binarysearchtree.h(6): note: see declaration of 'TreeNode'
f:\dev\programming_practice\datastructure_and_algorithm_practice\18_avltree_example\avltree.cpp(97): error C2027: use of undefined type 'TreeNode'
  f:\dev\programming_practice\datastructure_and_algorithm_practice\17_binarysearchtree_example\binarysearchtree.h(6): note: see declaration of 'TreeNode'
f:\dev\programming_practice\datastructure_and_algorithm_practice\18_avltree_example\avltree.cpp(98): error C2027: use of undefined type 'TreeNode'
  f:\dev\programming_practice\datastructure_and_algorithm_practice\17_binarysearchtree_example\binarysearchtree.h(6): note: see declaration of 'TreeNode'
f:\dev\programming_practice\datastructure_and_algorithm_practice\18_avltree_example\avltree.cpp(100): error C2027: use of undefined type 'TreeNode'
  f:\dev\programming_practice\datastructure_and_algorithm_practice\17_binarysearchtree_example\binarysearchtree.h(6): note: see declaration of 'TreeNode'
f:\dev\programming_practice\datastructure_and_algorithm_practice\18_avltree_example\avltree.cpp(101): error C2027: use of undefined type 'TreeNode'
  f:\dev\programming_practice\datastructure_and_algorithm_practice\17_binarysearchtree_example\binarysearchtree.h(6): note: see declaration of 'TreeNode'
f:\dev\programming_practice\datastructure_and_algorithm_practice\18_avltree_example\avltree.cpp(107): error C2027: use of undefined type 'TreeNode'
  f:\dev\programming_practice\datastructure_and_algorithm_practice\17_binarysearchtree_example\binarysearchtree.h(6): note: see declaration of 'TreeNode'
f:\dev\programming_practice\datastructure_and_algorithm_practice\18_avltree_example\avltree.cpp(108): error C2027: use of undefined type 'TreeNode'
  f:\dev\programming_practice\datastructure_and_algorithm_practice\17_binarysearchtree_example\binarysearchtree.h(6): note: see declaration of 'TreeNode'
f:\dev\programming_practice\datastructure_and_algorithm_practice\18_avltree_example\avltree.cpp(110): error C2027: use of undefined type 'TreeNode'
  f:\dev\programming_practice\datastructure_and_algorithm_practice\17_binarysearchtree_example\binarysearchtree.h(6): note: see declaration of 'TreeNode'
f:\dev\programming_practice\datastructure_and_algorithm_practice\18_avltree_example\avltree.cpp(111): error C2027: use of undefined type 'TreeNode'
  f:\dev\programming_practice\datastructure_and_algorithm_practice\17_binarysearchtree_example\binarysearchtree.h(6): note: see declaration of 'TreeNode'
  Main18.cpp
  Generating Code...
