  BinaryTree.cpp
f:\dev\programming_practice\datastructure_and_algorithm_practice\07_binarytree_example\binarytree.cpp(18): error C2511: 'TreeNode *BinaryTree::MakeLeftSubTree(TreeNode *,int)': 오버로드된 멤버 함수가 'BinaryTree'에 없습니다.
  f:\dev\programming_practice\datastructure_and_algorithm_practice\07_binarytree_example\binarytree.h(16): note: 'BinaryTree' 선언을 참조하십시오.
f:\dev\programming_practice\datastructure_and_algorithm_practice\07_binarytree_example\binarytree.cpp(21): error C2352: 'BinaryTree::DeleteNode': 비정적 멤버 함수를 잘못 호출했습니다.
  f:\dev\programming_practice\datastructure_and_algorithm_practice\07_binarytree_example\binarytree.h(33): note: 'BinaryTree::DeleteNode' 선언을 참조하십시오.
f:\dev\programming_practice\datastructure_and_algorithm_practice\07_binarytree_example\binarytree.cpp(29): error C2511: 'TreeNode *BinaryTree::MakeRightSubTree(TreeNode *,int)': 오버로드된 멤버 함수가 'BinaryTree'에 없습니다.
  f:\dev\programming_practice\datastructure_and_algorithm_practice\07_binarytree_example\binarytree.h(16): note: 'BinaryTree' 선언을 참조하십시오.
f:\dev\programming_practice\datastructure_and_algorithm_practice\07_binarytree_example\binarytree.cpp(32): error C2352: 'BinaryTree::DeleteNode': 비정적 멤버 함수를 잘못 호출했습니다.
  f:\dev\programming_practice\datastructure_and_algorithm_practice\07_binarytree_example\binarytree.h(33): note: 'BinaryTree::DeleteNode' 선언을 참조하십시오.
f:\dev\programming_practice\datastructure_and_algorithm_practice\07_binarytree_example\binarytree.cpp(67): warning C4477: 'printf' : 서식 문자열 '%d'에 'int' 형식의 인수가 필요하지만 variadic 인수 1의 형식이 'DType'입니다.
  f:\dev\programming_practice\datastructure_and_algorithm_practice\07_binarytree_example\binarytree.cpp(67): note: 서식 문자열에서 '%zd'을(를) 사용하는 것이 좋습니다.
f:\dev\programming_practice\datastructure_and_algorithm_practice\07_binarytree_example\binarytree.cpp(82): warning C4477: 'printf' : 서식 문자열 '%d'에 'int' 형식의 인수가 필요하지만 variadic 인수 1의 형식이 'DType'입니다.
  f:\dev\programming_practice\datastructure_and_algorithm_practice\07_binarytree_example\binarytree.cpp(82): note: 서식 문자열에서 '%zd'을(를) 사용하는 것이 좋습니다.
f:\dev\programming_practice\datastructure_and_algorithm_practice\07_binarytree_example\binarytree.cpp(94): warning C4477: 'printf' : 서식 문자열 '%d'에 'int' 형식의 인수가 필요하지만 variadic 인수 1의 형식이 'DType'입니다.
  f:\dev\programming_practice\datastructure_and_algorithm_practice\07_binarytree_example\binarytree.cpp(94): note: 서식 문자열에서 '%zd'을(를) 사용하는 것이 좋습니다.
f:\dev\programming_practice\datastructure_and_algorithm_practice\07_binarytree_example\binarytree.cpp(106): warning C4477: 'printf' : 서식 문자열 '%d'에 'int' 형식의 인수가 필요하지만 variadic 인수 1의 형식이 'DType'입니다.
  f:\dev\programming_practice\datastructure_and_algorithm_practice\07_binarytree_example\binarytree.cpp(106): note: 서식 문자열에서 '%zd'을(를) 사용하는 것이 좋습니다.
f:\dev\programming_practice\datastructure_and_algorithm_practice\07_binarytree_example\binarytree.cpp(124): warning C4267: 'return': 'size_t'에서 'int'(으)로 변환하면서 데이터가 손실될 수 있습니다.
f:\dev\programming_practice\datastructure_and_algorithm_practice\07_binarytree_example\binarytree.cpp(128): error C2511: 'void BinaryTree::SetData(TreeNode *,DType)': 오버로드된 멤버 함수가 'BinaryTree'에 없습니다.
  f:\dev\programming_practice\datastructure_and_algorithm_practice\07_binarytree_example\binarytree.h(16): note: 'BinaryTree' 선언을 참조하십시오.
  Main07.cpp
  코드를 생성하고 있습니다...
